

/******************************************************************************************
* ReadStepFile diagnostics.
* Date:                           Sun Aug 02 11:21:55 2020
* Produced by:                    The EXPRESS Data Manager Version 5.02.0100.07 : 28 Aug 2013
* Module:                         EDMstepFileFactory/EDMstandAlone
* Host:                           DESKTOP-GSGRKGE
* Database:                       C:\Users\emagi\AppData\Local\Temp\2112c36b-78a4-407d-8e2e-d3e7330ed4d6\79c364fd-b8b9-475a-853d-245417f08ed8\ifc
* Database version:               5507
* Database creation date:         Sun Aug 02 11:21:55 2020
* Model to populate:              DataRepository.ifcimport
* Header model to populate:       
* Step file name:                 20160125OTC-Conference Center - IFC4.ifc
* EDMuser:                        sdai-user
* EDMgroup:                       sdai-group
* License ID and type:            5605 : Permanent license. Expiry date: 
* EDMstepFileFactory options:     010201000002
******************************************************************************************/


------------------------------------------------------------------------------------------------
 Operation terminated successfully.
------------------------------------------------------------------------------------------------

